{
  "RSpec": {
    "coverage": {
      "/home/alpa/projects/wepa/config/environment.rb": [
        null,
        1,
        null,
        null,
        1
      ],
      "/home/alpa/projects/wepa/config/application.rb": [
        1,
        null,
        1,
        null,
        null,
        null,
        1,
        null,
        1,
        1,
        1,
        null,
        null,
        null,
        null,
        null,
        null,
        null,
        null,
        null,
        null,
        null,
        null,
        null
      ],
      "/home/alpa/projects/wepa/config/boot.rb": [
        null,
        1,
        null,
        1
      ],
      "/home/alpa/projects/wepa/config/environments/test.rb": [
        1,
        null,
        null,
        null,
        null,
        null,
        null,
        1,
        null,
        null,
        null,
        null,
        1,
        null,
        null,
        1,
        1,
        null,
        null,
        1,
        1,
        null,
        null,
        1,
        null,
        null,
        1,
        null,
        null,
        null,
        null,
        1,
        null,
        null,
        1,
        null
      ],
      "/home/alpa/projects/wepa/config/initializers/backtrace_silencers.rb": [
        null,
        null,
        null,
        null,
        null,
        null,
        null
      ],
      "/home/alpa/projects/wepa/config/initializers/filter_parameter_logging.rb": [
        null,
        null,
        null,
        1
      ],
      "/home/alpa/projects/wepa/config/initializers/inflections.rb": [
        null,
        null,
        null,
        null,
        null,
        null,
        null,
        null,
        null,
        null,
        null,
        null,
        null,
        null,
        null,
        null
      ],
      "/home/alpa/projects/wepa/config/initializers/mime_types.rb": [
        null,
        null,
        null,
        null,
        null
      ],
      "/home/alpa/projects/wepa/config/initializers/secret_token.rb": [
        null,
        null,
        null,
        null,
        null,
        null,
        null,
        null,
        null,
        null,
        null,
        1
      ],
      "/home/alpa/projects/wepa/config/initializers/session_store.rb": [
        null,
        null,
        1
      ],
      "/home/alpa/projects/wepa/config/initializers/wrap_parameters.rb": [
        null,
        null,
        null,
        null,
        null,
        null,
        1,
        1,
        null,
        null,
        null,
        null,
        null,
        null
      ],
      "/home/alpa/projects/wepa/spec/factories.rb": [
        1,
        1,
        1,
        1,
        1,
        null,
        null,
        1,
        1,
        null,
        null,
        1,
        1,
        null,
        null,
        1,
        1,
        1,
        null,
        null,
        1,
        1,
        1,
        1,
        null,
        null,
        null
      ],
      "/home/alpa/projects/wepa/app/models/rating.rb": [
        1,
        1,
        1,
        null,
        1,
        null,
        null,
        null,
        1,
        7,
        null,
        null
      ],
      "/home/alpa/projects/wepa/config/routes.rb": [
        1,
        1,
        null,
        1,
        null,
        1,
        null,
        1,
        null,
        1,
        null,
        1,
        null,
        1,
        null,
        1,
        1,
        1,
        null,
        1,
        null,
        null,
        null,
        null,
        null,
        null,
        null,
        null,
        null,
        null,
        null,
        null,
        null,
        null,
        null,
        null,
        null,
        null,
        null,
        null,
        null,
        null,
        null,
        null,
        null,
        null,
        null,
        null,
        null,
        null,
        null,
        null,
        null,
        null,
        null,
        null,
        null,
        null,
        null,
        null,
        null,
        null,
        null,
        null,
        null,
        null,
        null,
        null,
        null,
        null,
        null,
        null,
        null,
        null,
        null,
        null,
        null
      ],
      "/home/alpa/projects/wepa/app/helpers/application_helper.rb": [
        1,
        null
      ],
      "/home/alpa/projects/wepa/app/helpers/beer_clubs_helper.rb": [
        1,
        null
      ],
      "/home/alpa/projects/wepa/app/helpers/beers_helper.rb": [
        1,
        null
      ],
      "/home/alpa/projects/wepa/app/helpers/breweries_helper.rb": [
        1,
        null
      ],
      "/home/alpa/projects/wepa/app/helpers/memberships_helper.rb": [
        1,
        null
      ],
      "/home/alpa/projects/wepa/app/helpers/users_helper.rb": [
        1,
        null
      ],
      "/home/alpa/projects/wepa/spec/support/helpers/own_test_helper.rb": [
        1,
        null,
        1,
        8,
        8,
        8,
        8,
        null,
        null,
        null,
        null,
        null,
        null
      ],
      "/home/alpa/projects/wepa/spec/features/breweries_page_spec.rb": [
        1,
        null,
        1,
        1,
        1,
        1,
        1,
        null,
        null,
        1,
        1,
        2,
        2,
        6,
        null,
        null,
        2,
        null,
        null,
        1,
        1,
        null,
        1,
        3,
        null,
        null,
        null,
        1,
        1,
        null,
        1,
        1,
        null,
        null,
        null
      ],
      "/home/alpa/projects/wepa/spec/features/ratings_spec.rb": [
        1,
        1,
        null,
        1,
        5,
        5,
        5,
        5,
        null,
        1,
        4,
        null,
        null,
        1,
        1,
        null,
        1,
        1,
        2,
        null,
        1,
        1,
        1,
        null,
        null,
        1,
        1,
        1,
        1,
        1,
        1,
        1,
        null,
        null,
        1,
        1,
        1,
        1,
        1,
        null,
        null,
        1,
        1,
        1,
        1,
        null,
        1,
        1,
        2,
        null,
        null,
        1,
        4,
        4,
        4,
        null,
        null,
        null
      ],
      "/home/alpa/projects/wepa/spec/features/users_spec.rb": [
        1,
        null,
        1,
        null,
        1,
        1,
        3,
        null,
        null,
        1,
        1,
        1,
        null,
        1,
        1,
        null,
        null,
        1,
        1,
        null,
        1,
        1,
        null,
        null,
        null,
        1,
        1,
        1,
        1,
        1,
        null,
        1,
        1,
        2,
        null,
        null
      ],
      "/home/alpa/projects/wepa/spec/models/beer_spec.rb": [
        1,
        null,
        1,
        1,
        1,
        null,
        1,
        1,
        null,
        null,
        1,
        1,
        null,
        1,
        1,
        null,
        null,
        1,
        2,
        null,
        1,
        1,
        1,
        null,
        null,
        null,
        null
      ],
      "/home/alpa/projects/wepa/app/models/beer.rb": [
        1,
        1,
        null,
        1,
        1,
        null,
        1,
        1,
        1,
        null,
        1,
        8,
        null,
        null
      ],
      "/home/alpa/projects/wepa/lib/rating_average.rb": [
        1,
        1,
        2,
        null,
        null
      ],
      "/home/alpa/projects/wepa/spec/models/brewery_spec.rb": [
        1,
        null,
        null,
        1,
        1,
        4,
        null,
        2,
        2,
        2,
        null,
        1,
        1,
        null,
        1,
        null,
        null
      ],
      "/home/alpa/projects/wepa/app/models/brewery.rb": [
        1,
        1,
        null,
        1,
        27,
        null,
        1,
        1,
        null
      ],
      "/home/alpa/projects/wepa/spec/models/user_spec.rb": [
        1,
        null,
        1,
        1,
        1,
        null,
        1,
        null,
        null,
        1,
        1,
        null,
        1,
        1,
        null,
        1,
        1,
        1,
        1,
        null,
        null,
        1,
        1,
        null,
        1,
        1,
        null,
        null,
        1,
        4,
        null,
        1,
        1,
        null,
        null,
        1,
        1,
        null,
        null,
        1,
        1,
        null,
        1,
        null,
        null,
        1,
        null,
        null,
        null,
        1,
        5,
        null,
        1,
        1,
        null,
        null,
        1,
        1,
        null,
        null,
        1,
        1,
        null,
        1,
        null,
        null,
        1,
        1,
        1,
        null,
        1,
        null,
        null,
        null,
        1,
        3,
        null,
        1,
        1,
        1,
        null,
        null,
        1,
        1,
        1,
        null,
        1,
        1,
        null,
        1,
        1,
        null,
        null,
        1,
        8,
        8,
        8,
        null,
        null,
        1,
        1,
        5,
        null,
        null,
        null,
        null,
        null,
        null
      ],
      "/home/alpa/projects/wepa/app/models/user.rb": [
        1,
        1,
        null,
        1,
        null,
        null,
        1,
        null,
        null,
        null,
        null,
        1,
        null,
        1,
        1,
        1,
        1,
        null,
        1,
        3,
        2,
        null,
        null,
        1,
        2,
        1,
        null,
        null
      ],
      "/home/alpa/projects/wepa/app/controllers/users_controller.rb": [
        1,
        1,
        1,
        null,
        null,
        1,
        0,
        null,
        null,
        null,
        null,
        1,
        null,
        null,
        null,
        1,
        1,
        null,
        null,
        null,
        1,
        null,
        null,
        null,
        null,
        1,
        1,
        null,
        1,
        1,
        2,
        1,
        null,
        0,
        0,
        null,
        null,
        null,
        null,
        null,
        null,
        1,
        0,
        0,
        0,
        0,
        null,
        0,
        0,
        null,
        null,
        null,
        null,
        null,
        null,
        1,
        0,
        0,
        0,
        null,
        0,
        0,
        0,
        null,
        null,
        null,
        1,
        null,
        1,
        15,
        null,
        null,
        null,
        1,
        1,
        null,
        null
      ],
      "/home/alpa/projects/wepa/app/controllers/application_controller.rb": [
        1,
        null,
        null,
        1,
        null,
        1,
        null,
        1,
        134,
        116,
        null,
        null,
        1,
        13,
        null,
        null
      ],
      "/home/alpa/projects/wepa/app/models/membership.rb": [
        1,
        1,
        1,
        null,
        1,
        null
      ],
      "/home/alpa/projects/wepa/app/models/beer_club.rb": [
        1,
        1,
        1,
        null
      ],
      "/home/alpa/projects/wepa/app/controllers/sessions_controller.rb": [
        1,
        1,
        null,
        null,
        null,
        1,
        8,
        null,
        8,
        1,
        null,
        7,
        7,
        null,
        null,
        null,
        1,
        0,
        0,
        null,
        null
      ],
      "/home/alpa/projects/wepa/app/controllers/ratings_controller.rb": [
        1,
        1,
        1,
        1,
        null,
        null,
        1,
        4,
        4,
        null,
        null,
        1,
        4,
        null,
        4,
        0,
        4,
        4,
        4,
        null,
        0,
        0,
        null,
        null,
        null,
        1,
        1,
        1,
        1,
        null,
        null
      ],
      "/home/alpa/projects/wepa/app/controllers/beers_controller.rb": [
        1,
        1,
        1,
        null,
        null,
        1,
        1,
        null,
        null,
        null,
        null,
        1,
        null,
        null,
        null,
        1,
        2,
        2,
        null,
        null,
        null,
        1,
        0,
        null,
        null,
        null,
        null,
        null,
        1,
        2,
        null,
        2,
        2,
        2,
        1,
        null,
        1,
        null,
        2,
        1,
        null,
        null,
        null,
        null,
        null,
        null,
        1,
        0,
        0,
        0,
        0,
        null,
        0,
        0,
        null,
        null,
        null,
        null,
        null,
        null,
        1,
        0,
        0,
        0,
        0,
        null,
        null,
        null,
        1,
        null,
        1,
        0,
        null,
        null,
        1,
        3,
        3,
        null,
        null,
        1,
        2,
        null,
        null
      ],
      "/home/alpa/projects/wepa/app/controllers/breweries_controller.rb": [
        1,
        1,
        1,
        null,
        null,
        null,
        1,
        3,
        null,
        null,
        null,
        null,
        1,
        null,
        null,
        null,
        1,
        0,
        null,
        null,
        null,
        1,
        null,
        null,
        null,
        null,
        1,
        0,
        null,
        0,
        0,
        0,
        0,
        null,
        0,
        0,
        null,
        null,
        null,
        null,
        null,
        null,
        1,
        0,
        0,
        0,
        0,
        null,
        0,
        0,
        null,
        null,
        null,
        null,
        null,
        null,
        1,
        0,
        0,
        0,
        0,
        null,
        null,
        null,
        1,
        null,
        1,
        1,
        null,
        null,
        null,
        1,
        0,
        null,
        null
      ]
    },
    "timestamp": 1391974128
  }
}
